Using pre-set license
Built from '2020.3/staging' branch; Version is '2020.3.39f1 (fd6670bb8be9) revision 16606832'; Using compiler version '192528614'; Build Type 'Release'
OS: 'Windows 10  (10.0.19045) 64bit Professional' Language: 'en' Physical Memory: 32632 MB
BatchMode: 1, IsHumanControllingUs: 0, StartBugReporterOnCrash: 0, Is64bit: 1, IsPro: 0

COMMAND LINE ARGUMENTS:
C:\Program Files\Unity\Hub\Editor\2020.3.39f1\Editor\Unity.exe
-adb2
-batchMode
-noUpm
-name
AssetImportWorker0
-projectPath
C:/Users/k10lab-p2/Desktop/Create with Code/Prototype 2
-logFile
Logs/AssetImportWorker0.log
-srvPort
53315
Successfully changed project path to: C:/Users/k10lab-p2/Desktop/Create with Code/Prototype 2
C:/Users/k10lab-p2/Desktop/Create with Code/Prototype 2
Using Asset Import Pipeline V2.
Refreshing native plugins compatible for Editor in 30.98 ms, found 2 plugins.
Preloading 0 native plugins for Editor in 0.00 ms.
Initialize engine version: 2020.3.39f1 (fd6670bb8be9)
[Subsystems] Discovering subsystems at path C:/Program Files/Unity/Hub/Editor/2020.3.39f1/Editor/Data/Resources/UnitySubsystems
[Subsystems] Discovering subsystems at path C:/Users/k10lab-p2/Desktop/Create with Code/Prototype 2/Assets
GfxDevice: creating device client; threaded=0
Direct3D:
    Version:  Direct3D 11.0 [level 11.1]
    Renderer: NVIDIA GeForce RTX 3080 (ID=0x2206)
    Vendor:   
    VRAM:     10078 MB
    Driver:   30.0.15.1295
Initialize mono
Mono path[0] = 'C:/Program Files/Unity/Hub/Editor/2020.3.39f1/Editor/Data/Managed'
Mono path[1] = 'C:/Program Files/Unity/Hub/Editor/2020.3.39f1/Editor/Data/MonoBleedingEdge/lib/mono/unityjit'
Mono config path = 'C:/Program Files/Unity/Hub/Editor/2020.3.39f1/Editor/Data/MonoBleedingEdge/etc'
Using monoOptions --debugger-agent=transport=dt_socket,embedding=1,server=y,suspend=n,address=127.0.0.1:56184
Begin MonoManager ReloadAssembly
Registering precompiled unity dll's ...
Register platform support module: C:/Program Files/Unity/Hub/Editor/2020.3.39f1/Editor/Data/PlaybackEngines/WindowsStandaloneSupport/UnityEditor.WindowsStandalone.Extensions.dll
Registered in 0.069217 seconds.
Native extension for WindowsStandalone target not found
Refreshing native plugins compatible for Editor in 27.51 ms, found 2 plugins.
Preloading 0 native plugins for Editor in 0.00 ms.
Mono: successfully reloaded assembly
- Completed reload, in  0.914 seconds
Domain Reload Profiling:
	ReloadAssembly (914ms)
		BeginReloadAssembly (121ms)
			ExecutionOrderSort (0ms)
			DisableScriptedObjects (0ms)
			BackupInstance (0ms)
			ReleaseScriptingObjects (0ms)
			CreateAndSetChildDomain (1ms)
		EndReloadAssembly (580ms)
			LoadAssemblies (120ms)
			RebuildTransferFunctionScriptingTraits (0ms)
			SetupTypeCache (340ms)
			ReleaseScriptCaches (0ms)
			RebuildScriptCaches (24ms)
			SetupLoadedEditorAssemblies (128ms)
				LogAssemblyErrors (0ms)
				InitializePlatformSupportModulesInManaged (3ms)
				SetLoadedEditorAssemblies (0ms)
				RefreshPlugins (28ms)
				BeforeProcessingInitializeOnLoad (6ms)
				ProcessInitializeOnLoadAttributes (64ms)
				ProcessInitializeOnLoadMethodAttributes (26ms)
				AfterProcessingInitializeOnLoad (0ms)
				EditorAssembliesLoaded (0ms)
			ExecutionOrderSort2 (0ms)
			AwakeInstancesAfterBackupRestoration (0ms)
Platform modules already initialized, skipping
Registering precompiled user dll's ...
Registered in 0.005204 seconds.
Begin MonoManager ReloadAssembly
Native extension for WindowsStandalone target not found
Refreshing native plugins compatible for Editor in 0.29 ms, found 2 plugins.
Preloading 0 native plugins for Editor in 0.00 ms.
Mono: successfully reloaded assembly
- Completed reload, in  2.338 seconds
Domain Reload Profiling:
	ReloadAssembly (2339ms)
		BeginReloadAssembly (135ms)
			ExecutionOrderSort (0ms)
			DisableScriptedObjects (4ms)
			BackupInstance (0ms)
			ReleaseScriptingObjects (0ms)
			CreateAndSetChildDomain (14ms)
		EndReloadAssembly (2157ms)
			LoadAssemblies (358ms)
			RebuildTransferFunctionScriptingTraits (0ms)
			SetupTypeCache (754ms)
			ReleaseScriptCaches (0ms)
			RebuildScriptCaches (32ms)
			SetupLoadedEditorAssemblies (971ms)
				LogAssemblyErrors (0ms)
				InitializePlatformSupportModulesInManaged (4ms)
				SetLoadedEditorAssemblies (0ms)
				RefreshPlugins (0ms)
				BeforeProcessingInitializeOnLoad (44ms)
				ProcessInitializeOnLoadAttributes (332ms)
				ProcessInitializeOnLoadMethodAttributes (585ms)
				AfterProcessingInitializeOnLoad (5ms)
				EditorAssembliesLoaded (0ms)
			ExecutionOrderSort2 (0ms)
			AwakeInstancesAfterBackupRestoration (1ms)
Platform modules already initialized, skipping
========================================================================
Worker process is ready to serve import requests
Launched and connected shader compiler UnityShaderCompiler.exe after 0.06 seconds
Refreshing native plugins compatible for Editor in 0.28 ms, found 2 plugins.
Preloading 0 native plugins for Editor in 0.00 ms.
Unloading 1530 Unused Serialized files (Serialized files now loaded: 0)
System memory in use before: 70.9 MB.
System memory in use after: 71.0 MB.

Unloading 17 unused Assets to reduce memory usage. Loaded Objects now: 1967.
Total: 1.896300 ms (FindLiveObjects: 0.098800 ms CreateObjectMapping: 0.041000 ms MarkObjects: 1.691600 ms  DeleteObjects: 0.064400 ms)

AssetImportParameters requested are different than current active one (requested -> active):
  custom:framework-win-MediaFoundation: 216162199b28c13a410421893ffa2e32 -> 
  custom:video-decoder-ogg-theora: a1e56fd34408186e4bbccfd4996cb3dc -> 
  custom:container-muxer-webm: aa71ff27fc2769a1b78a27578f13a17b -> 
  custom:container-demuxer-webm: 4f35f7cbe854078d1ac9338744f61a02 -> 
  custom:container-demuxer-ogg: 62fdf1f143b41e24485cea50d1cbac27 -> 
  custom:video-encoder-webm-vp8: eb34c28f22e8b96e1ab97ce403110664 -> 
  custom:video-codec-MediaFoundation-h265: 746d11721c4dcdbdad8f713fa42b33f4 -> 
  custom:video-decoder-webm-vp8: 9c59270c3fd7afecdb556c50c9e8de78 -> 
  custom:audio-decoder-ogg-vorbis: bf7c407c2cedff20999df2af8eb42d56 -> 
  custom:audio-encoder-webm-vorbis: bf7c407c2cedff20999df2af8eb42d56 -> 
========================================================================
Received Import Request.
  path: Assets/Scripts/SpawnManager.cs
  artifactKey: Guid(e83cabeef4ae6b445b2b26e0520b27b9) Importer(815301076,1909f56bfc062723c751e8b465ee728b)
Start importing Assets/Scripts/SpawnManager.cs using Guid(e83cabeef4ae6b445b2b26e0520b27b9) Importer(815301076,1909f56bfc062723c751e8b465ee728b)  -> (artifact id: 'ffc84e1b31629980823382db76f83719') in 0.030530 seconds 
========================================================================
Received Import Request.
  Time since last request: 115.024310 seconds.
  path: Assets/Scripts/SpawnManager.cs
  artifactKey: Guid(e83cabeef4ae6b445b2b26e0520b27b9) Importer(815301076,1909f56bfc062723c751e8b465ee728b)
Start importing Assets/Scripts/SpawnManager.cs using Guid(e83cabeef4ae6b445b2b26e0520b27b9) Importer(815301076,1909f56bfc062723c751e8b465ee728b)  -> (artifact id: 'ad01d7e3535c634d58afb26ba75c174d') in 0.003966 seconds 
========================================================================
Received Import Request.
  Time since last request: 264.264252 seconds.
  path: Assets/Scripts/SpawnManager.cs
  artifactKey: Guid(e83cabeef4ae6b445b2b26e0520b27b9) Importer(815301076,1909f56bfc062723c751e8b465ee728b)
Start importing Assets/Scripts/SpawnManager.cs using Guid(e83cabeef4ae6b445b2b26e0520b27b9) Importer(815301076,1909f56bfc062723c751e8b465ee728b)  -> (artifact id: '7bbe9d5e1654c964d4dadf8e0869ee6a') in 0.003856 seconds 
========================================================================
Received Prepare
Registering precompiled user dll's ...
Registered in 0.005076 seconds.
Begin MonoManager ReloadAssembly
Native extension for WindowsStandalone target not found
Refreshing native plugins compatible for Editor in 0.29 ms, found 2 plugins.
Preloading 0 native plugins for Editor in 0.00 ms.
Mono: successfully reloaded assembly
- Completed reload, in  0.739 seconds
Domain Reload Profiling:
	ReloadAssembly (740ms)
		BeginReloadAssembly (107ms)
			ExecutionOrderSort (0ms)
			DisableScriptedObjects (4ms)
			BackupInstance (0ms)
			ReleaseScriptingObjects (0ms)
			CreateAndSetChildDomain (23ms)
		EndReloadAssembly (587ms)
			LoadAssemblies (97ms)
			RebuildTransferFunctionScriptingTraits (0ms)
			SetupTypeCache (201ms)
			ReleaseScriptCaches (1ms)
			RebuildScriptCaches (33ms)
			SetupLoadedEditorAssemblies (211ms)
				LogAssemblyErrors (0ms)
				InitializePlatformSupportModulesInManaged (3ms)
				SetLoadedEditorAssemblies (0ms)
				RefreshPlugins (0ms)
				BeforeProcessingInitializeOnLoad (40ms)
				ProcessInitializeOnLoadAttributes (151ms)
				ProcessInitializeOnLoadMethodAttributes (11ms)
				AfterProcessingInitializeOnLoad (5ms)
				EditorAssembliesLoaded (0ms)
			ExecutionOrderSort2 (0ms)
			AwakeInstancesAfterBackupRestoration (2ms)
Platform modules already initialized, skipping
Refreshing native plugins compatible for Editor in 0.31 ms, found 2 plugins.
Preloading 0 native plugins for Editor in 0.00 ms.
Unloading 1525 Unused Serialized files (Serialized files now loaded: 0)
System memory in use before: 70.9 MB.
System memory in use after: 70.9 MB.

Unloading 12 unused Assets to reduce memory usage. Loaded Objects now: 1970.
Total: 2.495200 ms (FindLiveObjects: 0.128300 ms CreateObjectMapping: 0.050000 ms MarkObjects: 2.249500 ms  DeleteObjects: 0.066300 ms)

AssetImportParameters requested are different than current active one (requested -> active):
  custom:framework-win-MediaFoundation: 216162199b28c13a410421893ffa2e32 -> 
  custom:video-decoder-ogg-theora: a1e56fd34408186e4bbccfd4996cb3dc -> 
  custom:container-muxer-webm: aa71ff27fc2769a1b78a27578f13a17b -> 
  custom:container-demuxer-webm: 4f35f7cbe854078d1ac9338744f61a02 -> 
  custom:container-demuxer-ogg: 62fdf1f143b41e24485cea50d1cbac27 -> 
  custom:video-encoder-webm-vp8: eb34c28f22e8b96e1ab97ce403110664 -> 
  custom:video-codec-MediaFoundation-h265: 746d11721c4dcdbdad8f713fa42b33f4 -> 
  custom:video-decoder-webm-vp8: 9c59270c3fd7afecdb556c50c9e8de78 -> 
  custom:audio-decoder-ogg-vorbis: bf7c407c2cedff20999df2af8eb42d56 -> 
  custom:audio-encoder-webm-vorbis: bf7c407c2cedff20999df2af8eb42d56 -> 
========================================================================
Received Import Request.
  Time since last request: 89.720869 seconds.
  path: Assets/Scripts/SpawnManager.cs
  artifactKey: Guid(e83cabeef4ae6b445b2b26e0520b27b9) Importer(815301076,1909f56bfc062723c751e8b465ee728b)
Start importing Assets/Scripts/SpawnManager.cs using Guid(e83cabeef4ae6b445b2b26e0520b27b9) Importer(815301076,1909f56bfc062723c751e8b465ee728b)  -> (artifact id: '7aad292b58e1fc55bbbcda65aa6972a8') in 0.005590 seconds 
========================================================================
Received Import Request.
  Time since last request: 309.066194 seconds.
  path: Assets/Scripts/SpawnManager.cs
  artifactKey: Guid(e83cabeef4ae6b445b2b26e0520b27b9) Importer(815301076,1909f56bfc062723c751e8b465ee728b)
Start importing Assets/Scripts/SpawnManager.cs using Guid(e83cabeef4ae6b445b2b26e0520b27b9) Importer(815301076,1909f56bfc062723c751e8b465ee728b)  -> (artifact id: '4d0a16b9d908b2f2a945c84202057e10') in 0.004654 seconds 
========================================================================
Received Import Request.
  Time since last request: 16.242052 seconds.
  path: Assets/Scripts/SpawnManager.cs
  artifactKey: Guid(e83cabeef4ae6b445b2b26e0520b27b9) Importer(815301076,1909f56bfc062723c751e8b465ee728b)
Start importing Assets/Scripts/SpawnManager.cs using Guid(e83cabeef4ae6b445b2b26e0520b27b9) Importer(815301076,1909f56bfc062723c751e8b465ee728b)  -> (artifact id: 'ff09090acfa10ae93f83b12587e8647f') in 0.004598 seconds 
========================================================================
Received Import Request.
  Time since last request: 10.785856 seconds.
  path: Assets/Scripts/SpawnManager.cs
  artifactKey: Guid(e83cabeef4ae6b445b2b26e0520b27b9) Importer(815301076,1909f56bfc062723c751e8b465ee728b)
Start importing Assets/Scripts/SpawnManager.cs using Guid(e83cabeef4ae6b445b2b26e0520b27b9) Importer(815301076,1909f56bfc062723c751e8b465ee728b)  -> (artifact id: '733e57af16e3ec4302d79559d895a45a') in 0.003770 seconds 
========================================================================
Received Import Request.
  Time since last request: 92.502030 seconds.
  path: Assets/Scripts/SpawnManager.cs
  artifactKey: Guid(e83cabeef4ae6b445b2b26e0520b27b9) Importer(815301076,1909f56bfc062723c751e8b465ee728b)
Start importing Assets/Scripts/SpawnManager.cs using Guid(e83cabeef4ae6b445b2b26e0520b27b9) Importer(815301076,1909f56bfc062723c751e8b465ee728b)  -> (artifact id: '30417583f7a602ca91fb28de017ca297') in 0.003911 seconds 
========================================================================
Received Import Request.
  Time since last request: 244.856825 seconds.
  path: Assets/Scripts/SpawnManager.cs
  artifactKey: Guid(e83cabeef4ae6b445b2b26e0520b27b9) Importer(815301076,1909f56bfc062723c751e8b465ee728b)
Start importing Assets/Scripts/SpawnManager.cs using Guid(e83cabeef4ae6b445b2b26e0520b27b9) Importer(815301076,1909f56bfc062723c751e8b465ee728b)  -> (artifact id: '6e0c054d18e300eb9ec57d6f16c2d2a4') in 0.004330 seconds 
========================================================================
Received Prepare
Registering precompiled user dll's ...
Registered in 0.005317 seconds.
Begin MonoManager ReloadAssembly
Native extension for WindowsStandalone target not found
Refreshing native plugins compatible for Editor in 0.37 ms, found 2 plugins.
Preloading 0 native plugins for Editor in 0.00 ms.
Mono: successfully reloaded assembly
- Completed reload, in  0.739 seconds
Domain Reload Profiling:
	ReloadAssembly (739ms)
		BeginReloadAssembly (106ms)
			ExecutionOrderSort (0ms)
			DisableScriptedObjects (3ms)
			BackupInstance (0ms)
			ReleaseScriptingObjects (0ms)
			CreateAndSetChildDomain (23ms)
		EndReloadAssembly (588ms)
			LoadAssemblies (96ms)
			RebuildTransferFunctionScriptingTraits (0ms)
			SetupTypeCache (202ms)
			ReleaseScriptCaches (1ms)
			RebuildScriptCaches (30ms)
			SetupLoadedEditorAssemblies (217ms)
				LogAssemblyErrors (0ms)
				InitializePlatformSupportModulesInManaged (3ms)
				SetLoadedEditorAssemblies (0ms)
				RefreshPlugins (0ms)
				BeforeProcessingInitializeOnLoad (44ms)
				ProcessInitializeOnLoadAttributes (153ms)
				ProcessInitializeOnLoadMethodAttributes (11ms)
				AfterProcessingInitializeOnLoad (5ms)
				EditorAssembliesLoaded (0ms)
			ExecutionOrderSort2 (0ms)
			AwakeInstancesAfterBackupRestoration (2ms)
Platform modules already initialized, skipping
Refreshing native plugins compatible for Editor in 0.28 ms, found 2 plugins.
Preloading 0 native plugins for Editor in 0.00 ms.
Unloading 1525 Unused Serialized files (Serialized files now loaded: 0)
System memory in use before: 70.9 MB.
System memory in use after: 71.0 MB.

Unloading 12 unused Assets to reduce memory usage. Loaded Objects now: 1973.
Total: 1.901000 ms (FindLiveObjects: 0.099700 ms CreateObjectMapping: 0.040000 ms MarkObjects: 1.715500 ms  DeleteObjects: 0.045300 ms)

AssetImportParameters requested are different than current active one (requested -> active):
  custom:framework-win-MediaFoundation: 216162199b28c13a410421893ffa2e32 -> 
  custom:video-decoder-ogg-theora: a1e56fd34408186e4bbccfd4996cb3dc -> 
  custom:container-muxer-webm: aa71ff27fc2769a1b78a27578f13a17b -> 
  custom:container-demuxer-webm: 4f35f7cbe854078d1ac9338744f61a02 -> 
  custom:container-demuxer-ogg: 62fdf1f143b41e24485cea50d1cbac27 -> 
  custom:video-encoder-webm-vp8: eb34c28f22e8b96e1ab97ce403110664 -> 
  custom:video-codec-MediaFoundation-h265: 746d11721c4dcdbdad8f713fa42b33f4 -> 
  custom:video-decoder-webm-vp8: 9c59270c3fd7afecdb556c50c9e8de78 -> 
  custom:audio-decoder-ogg-vorbis: bf7c407c2cedff20999df2af8eb42d56 -> 
  custom:audio-encoder-webm-vorbis: bf7c407c2cedff20999df2af8eb42d56 -> 
========================================================================
Received Import Request.
  Time since last request: 98.680482 seconds.
  path: Assets/Scripts/SpawnManager.cs
  artifactKey: Guid(e83cabeef4ae6b445b2b26e0520b27b9) Importer(815301076,1909f56bfc062723c751e8b465ee728b)
Start importing Assets/Scripts/SpawnManager.cs using Guid(e83cabeef4ae6b445b2b26e0520b27b9) Importer(815301076,1909f56bfc062723c751e8b465ee728b)  -> (artifact id: '71d171f23e9fe8a71555eefd2ea4ab0a') in 0.005463 seconds 
========================================================================
Received Import Request.
  Time since last request: 190.437406 seconds.
  path: Assets/Prefabs/Animal_Fox_02.prefab
  artifactKey: Guid(3e4544e0404731143bfffff6759cc495) Importer(815301076,1909f56bfc062723c751e8b465ee728b)
Start importing Assets/Prefabs/Animal_Fox_02.prefab using Guid(3e4544e0404731143bfffff6759cc495) Importer(815301076,1909f56bfc062723c751e8b465ee728b)  -> (artifact id: '41bc93c58346ec7e3da7d96a4cb3343c') in 0.093777 seconds 
========================================================================
Received Import Request.
  Time since last request: 5.420474 seconds.
  path: Assets/Prefabs/Animal_Fox_02.prefab
  artifactKey: Guid(3e4544e0404731143bfffff6759cc495) Importer(815301076,1909f56bfc062723c751e8b465ee728b)
Start importing Assets/Prefabs/Animal_Fox_02.prefab using Guid(3e4544e0404731143bfffff6759cc495) Importer(815301076,1909f56bfc062723c751e8b465ee728b)  -> (artifact id: '947eee3e6c7d8c6adb6c9ce31baa026e') in 0.021012 seconds 
========================================================================
Received Import Request.
  Time since last request: 39.850048 seconds.
  path: Assets/Prefabs/Animal_Fox_02.prefab
  artifactKey: Guid(3e4544e0404731143bfffff6759cc495) Importer(815301076,1909f56bfc062723c751e8b465ee728b)
Start importing Assets/Prefabs/Animal_Fox_02.prefab using Guid(3e4544e0404731143bfffff6759cc495) Importer(815301076,1909f56bfc062723c751e8b465ee728b)  -> (artifact id: '62a0da0fdf5c6e2cae4c8abc596eb242') in 0.018125 seconds 
========================================================================
Received Import Request.
  Time since last request: 6.021467 seconds.
  path: Assets/Prefabs/Animal_Fox_02.prefab
  artifactKey: Guid(3e4544e0404731143bfffff6759cc495) Importer(815301076,1909f56bfc062723c751e8b465ee728b)
Start importing Assets/Prefabs/Animal_Fox_02.prefab using Guid(3e4544e0404731143bfffff6759cc495) Importer(815301076,1909f56bfc062723c751e8b465ee728b)  -> (artifact id: 'a0016ca5dcc2d89e61198ca4de6318aa') in 0.027817 seconds 
========================================================================
Received Import Request.
  Time since last request: 5.608887 seconds.
  path: Assets/Prefabs/Animal_Fox_02.prefab
  artifactKey: Guid(3e4544e0404731143bfffff6759cc495) Importer(815301076,1909f56bfc062723c751e8b465ee728b)
Start importing Assets/Prefabs/Animal_Fox_02.prefab using Guid(3e4544e0404731143bfffff6759cc495) Importer(815301076,1909f56bfc062723c751e8b465ee728b)  -> (artifact id: 'cb649dba63e08104f0cdac6109d6a469') in 0.022508 seconds 
========================================================================
Received Import Request.
  Time since last request: 13.402287 seconds.
  path: Assets/Prefabs/Animal_Fox_02.prefab
  artifactKey: Guid(3e4544e0404731143bfffff6759cc495) Importer(815301076,1909f56bfc062723c751e8b465ee728b)
Start importing Assets/Prefabs/Animal_Fox_02.prefab using Guid(3e4544e0404731143bfffff6759cc495) Importer(815301076,1909f56bfc062723c751e8b465ee728b)  -> (artifact id: 'bd390e963af3801148594f01bc239e0a') in 0.019023 seconds 
========================================================================
Received Import Request.
  Time since last request: 3.709112 seconds.
  path: Assets/Prefabs/Animal_Fox_02.prefab
  artifactKey: Guid(3e4544e0404731143bfffff6759cc495) Importer(815301076,1909f56bfc062723c751e8b465ee728b)
Start importing Assets/Prefabs/Animal_Fox_02.prefab using Guid(3e4544e0404731143bfffff6759cc495) Importer(815301076,1909f56bfc062723c751e8b465ee728b)  -> (artifact id: '26b8f423ae62cb0a54d754ea4f49319e') in 0.017846 seconds 
========================================================================
Received Import Request.
  Time since last request: 29.597716 seconds.
  path: Assets/Prefabs/Animal_Moose_02.prefab
  artifactKey: Guid(8322c7772691a0944a5352b01bb6d2e7) Importer(815301076,1909f56bfc062723c751e8b465ee728b)
Start importing Assets/Prefabs/Animal_Moose_02.prefab using Guid(8322c7772691a0944a5352b01bb6d2e7) Importer(815301076,1909f56bfc062723c751e8b465ee728b)  -> (artifact id: '900ebff1375e468820e5e2edb95d6cd8') in 0.027077 seconds 
========================================================================
Received Import Request.
  Time since last request: 13.134120 seconds.
  path: Assets/Prefabs/Animal_Moose_02.prefab
  artifactKey: Guid(8322c7772691a0944a5352b01bb6d2e7) Importer(815301076,1909f56bfc062723c751e8b465ee728b)
Start importing Assets/Prefabs/Animal_Moose_02.prefab using Guid(8322c7772691a0944a5352b01bb6d2e7) Importer(815301076,1909f56bfc062723c751e8b465ee728b)  -> (artifact id: '7b344212d76b00dc6cfe1ba9cb6420d9') in 0.021613 seconds 
========================================================================
Received Import Request.
  Time since last request: 6.204937 seconds.
  path: Assets/Prefabs/Animal_Moose_02.prefab
  artifactKey: Guid(8322c7772691a0944a5352b01bb6d2e7) Importer(815301076,1909f56bfc062723c751e8b465ee728b)
Start importing Assets/Prefabs/Animal_Moose_02.prefab using Guid(8322c7772691a0944a5352b01bb6d2e7) Importer(815301076,1909f56bfc062723c751e8b465ee728b)  -> (artifact id: '979ac72669f6e7ef051214ef3e73a2ea') in 0.022693 seconds 
========================================================================
Received Import Request.
  Time since last request: 3.408946 seconds.
  path: Assets/Prefabs/Animal_Moose_02.prefab
  artifactKey: Guid(8322c7772691a0944a5352b01bb6d2e7) Importer(815301076,1909f56bfc062723c751e8b465ee728b)
Start importing Assets/Prefabs/Animal_Moose_02.prefab using Guid(8322c7772691a0944a5352b01bb6d2e7) Importer(815301076,1909f56bfc062723c751e8b465ee728b)  -> (artifact id: '731db1304a0089a32402f67c1c591813') in 0.020245 seconds 
========================================================================
Received Import Request.
  Time since last request: 13.241218 seconds.
  path: Assets/Prefabs/Animal_Moose_02.prefab
  artifactKey: Guid(8322c7772691a0944a5352b01bb6d2e7) Importer(815301076,1909f56bfc062723c751e8b465ee728b)
Start importing Assets/Prefabs/Animal_Moose_02.prefab using Guid(8322c7772691a0944a5352b01bb6d2e7) Importer(815301076,1909f56bfc062723c751e8b465ee728b)  -> (artifact id: '3c622e3aa42e425e6c1413de7c5a518a') in 0.020475 seconds 
========================================================================
Received Import Request.
  Time since last request: 6.429282 seconds.
  path: Assets/Prefabs/Animal_Moose_02.prefab
  artifactKey: Guid(8322c7772691a0944a5352b01bb6d2e7) Importer(815301076,1909f56bfc062723c751e8b465ee728b)
Start importing Assets/Prefabs/Animal_Moose_02.prefab using Guid(8322c7772691a0944a5352b01bb6d2e7) Importer(815301076,1909f56bfc062723c751e8b465ee728b)  -> (artifact id: '4866e41ee558886e6185095f9ecc8c72') in 0.022077 seconds 
========================================================================
Received Import Request.
  Time since last request: 10.833998 seconds.
  path: Assets/Prefabs/Animal_Moose_02.prefab
  artifactKey: Guid(8322c7772691a0944a5352b01bb6d2e7) Importer(815301076,1909f56bfc062723c751e8b465ee728b)
Start importing Assets/Prefabs/Animal_Moose_02.prefab using Guid(8322c7772691a0944a5352b01bb6d2e7) Importer(815301076,1909f56bfc062723c751e8b465ee728b)  -> (artifact id: 'bf97c3ac9957d04f3fce2fea16dd64fc') in 0.018367 seconds 
========================================================================
Received Import Request.
  Time since last request: 3.804921 seconds.
  path: Assets/Prefabs/Animal_Moose_02.prefab
  artifactKey: Guid(8322c7772691a0944a5352b01bb6d2e7) Importer(815301076,1909f56bfc062723c751e8b465ee728b)
Start importing Assets/Prefabs/Animal_Moose_02.prefab using Guid(8322c7772691a0944a5352b01bb6d2e7) Importer(815301076,1909f56bfc062723c751e8b465ee728b)  -> (artifact id: '0377b73d50a2052e86729025270b42d8') in 0.016688 seconds 
========================================================================
Received Import Request.
  Time since last request: 4.815394 seconds.
  path: Assets/Prefabs/Animal_Moose_02.prefab
  artifactKey: Guid(8322c7772691a0944a5352b01bb6d2e7) Importer(815301076,1909f56bfc062723c751e8b465ee728b)
Start importing Assets/Prefabs/Animal_Moose_02.prefab using Guid(8322c7772691a0944a5352b01bb6d2e7) Importer(815301076,1909f56bfc062723c751e8b465ee728b)  -> (artifact id: 'a60b2b4f217f8de87555672e9df027b7') in 0.025222 seconds 
========================================================================
Received Import Request.
  Time since last request: 2.990458 seconds.
  path: Assets/Prefabs/Animal_Moose_02.prefab
  artifactKey: Guid(8322c7772691a0944a5352b01bb6d2e7) Importer(815301076,1909f56bfc062723c751e8b465ee728b)
Start importing Assets/Prefabs/Animal_Moose_02.prefab using Guid(8322c7772691a0944a5352b01bb6d2e7) Importer(815301076,1909f56bfc062723c751e8b465ee728b)  -> (artifact id: '22a42957c2a2c3c927f57b4a9bec4235') in 0.023984 seconds 
========================================================================
Received Import Request.
  Time since last request: 5.410482 seconds.
  path: Assets/Prefabs/Animal_Stag_01.prefab
  artifactKey: Guid(6cb7b8b42f6b233419d32461545c169e) Importer(815301076,1909f56bfc062723c751e8b465ee728b)
Start importing Assets/Prefabs/Animal_Stag_01.prefab using Guid(6cb7b8b42f6b233419d32461545c169e) Importer(815301076,1909f56bfc062723c751e8b465ee728b)  -> (artifact id: 'd841a1d68656816e4de0d861cc05e6e0') in 0.023733 seconds 
========================================================================
Received Import Request.
  Time since last request: 15.759726 seconds.
  path: Assets/Prefabs/Animal_Stag_01.prefab
  artifactKey: Guid(6cb7b8b42f6b233419d32461545c169e) Importer(815301076,1909f56bfc062723c751e8b465ee728b)
Start importing Assets/Prefabs/Animal_Stag_01.prefab using Guid(6cb7b8b42f6b233419d32461545c169e) Importer(815301076,1909f56bfc062723c751e8b465ee728b)  -> (artifact id: '50c428b4011b80f76799a1a8e358cbc7') in 0.017027 seconds 
========================================================================
Received Import Request.
  Time since last request: 5.400259 seconds.
  path: Assets/Prefabs/Animal_Stag_01.prefab
  artifactKey: Guid(6cb7b8b42f6b233419d32461545c169e) Importer(815301076,1909f56bfc062723c751e8b465ee728b)
Start importing Assets/Prefabs/Animal_Stag_01.prefab using Guid(6cb7b8b42f6b233419d32461545c169e) Importer(815301076,1909f56bfc062723c751e8b465ee728b)  -> (artifact id: 'c4e2135e68018cfa16c212092114c92a') in 0.022169 seconds 
========================================================================
Received Import Request.
  Time since last request: 4.487794 seconds.
  path: Assets/Prefabs/Animal_Stag_01.prefab
  artifactKey: Guid(6cb7b8b42f6b233419d32461545c169e) Importer(815301076,1909f56bfc062723c751e8b465ee728b)
Start importing Assets/Prefabs/Animal_Stag_01.prefab using Guid(6cb7b8b42f6b233419d32461545c169e) Importer(815301076,1909f56bfc062723c751e8b465ee728b)  -> (artifact id: 'd18ec0215eb0f01117cc68b92914a116') in 0.018938 seconds 
========================================================================
Received Import Request.
  Time since last request: 7.841305 seconds.
  path: Assets/Prefabs/Animal_Stag_01.prefab
  artifactKey: Guid(6cb7b8b42f6b233419d32461545c169e) Importer(815301076,1909f56bfc062723c751e8b465ee728b)
Start importing Assets/Prefabs/Animal_Stag_01.prefab using Guid(6cb7b8b42f6b233419d32461545c169e) Importer(815301076,1909f56bfc062723c751e8b465ee728b)  -> (artifact id: '702692622929414789afc93d46218d5e') in 0.022630 seconds 
========================================================================
Received Import Request.
  Time since last request: 12.248386 seconds.
  path: Assets/Prefabs/Animal_Stag_01.prefab
  artifactKey: Guid(6cb7b8b42f6b233419d32461545c169e) Importer(815301076,1909f56bfc062723c751e8b465ee728b)
Start importing Assets/Prefabs/Animal_Stag_01.prefab using Guid(6cb7b8b42f6b233419d32461545c169e) Importer(815301076,1909f56bfc062723c751e8b465ee728b)  -> (artifact id: '58d9217c2a83f6a2097a711293aff592') in 0.023169 seconds 
========================================================================
Received Import Request.
  Time since last request: 5.626429 seconds.
  path: Assets/Prefabs/Animal_Stag_01.prefab
  artifactKey: Guid(6cb7b8b42f6b233419d32461545c169e) Importer(815301076,1909f56bfc062723c751e8b465ee728b)
Start importing Assets/Prefabs/Animal_Stag_01.prefab using Guid(6cb7b8b42f6b233419d32461545c169e) Importer(815301076,1909f56bfc062723c751e8b465ee728b)  -> (artifact id: 'a6a212ac6e91ca872c4a77a07ab067c1') in 0.019842 seconds 
========================================================================
Received Import Request.
  Time since last request: 6.631918 seconds.
  path: Assets/Prefabs/Animal_Stag_01.prefab
  artifactKey: Guid(6cb7b8b42f6b233419d32461545c169e) Importer(815301076,1909f56bfc062723c751e8b465ee728b)
Start importing Assets/Prefabs/Animal_Stag_01.prefab using Guid(6cb7b8b42f6b233419d32461545c169e) Importer(815301076,1909f56bfc062723c751e8b465ee728b)  -> (artifact id: 'dd25561245d6cfc09ad8e3420692812a') in 0.019595 seconds 
========================================================================
Received Import Request.
  Time since last request: 10.638222 seconds.
  path: Assets/Prefabs/Animal_Stag_01.prefab
  artifactKey: Guid(6cb7b8b42f6b233419d32461545c169e) Importer(815301076,1909f56bfc062723c751e8b465ee728b)
Start importing Assets/Prefabs/Animal_Stag_01.prefab using Guid(6cb7b8b42f6b233419d32461545c169e) Importer(815301076,1909f56bfc062723c751e8b465ee728b)  -> (artifact id: 'ac8b82c009d6ccb562448d30b7798e92') in 0.021434 seconds 
========================================================================
Received Import Request.
  Time since last request: 5.658059 seconds.
  path: Assets/Prefabs/Animal_Stag_01.prefab
  artifactKey: Guid(6cb7b8b42f6b233419d32461545c169e) Importer(815301076,1909f56bfc062723c751e8b465ee728b)
Start importing Assets/Prefabs/Animal_Stag_01.prefab using Guid(6cb7b8b42f6b233419d32461545c169e) Importer(815301076,1909f56bfc062723c751e8b465ee728b)  -> (artifact id: 'a3509ab300d2a8752213a89169662b87') in 0.016580 seconds 
========================================================================
Received Import Request.
  Time since last request: 72.122339 seconds.
  path: Assets/Prefabs/Food_Pizza_01.prefab
  artifactKey: Guid(af72a386eb2465c47bdfb37d1bbccac0) Importer(815301076,1909f56bfc062723c751e8b465ee728b)
Start importing Assets/Prefabs/Food_Pizza_01.prefab using Guid(af72a386eb2465c47bdfb37d1bbccac0) Importer(815301076,1909f56bfc062723c751e8b465ee728b)  -> (artifact id: 'aad57c3049a814d747c9578e146dc1e3') in 0.016215 seconds 
========================================================================
Received Import Request.
  Time since last request: 47.132102 seconds.
  path: Assets/Prefabs/Food_Pizza_01.prefab
  artifactKey: Guid(af72a386eb2465c47bdfb37d1bbccac0) Importer(815301076,1909f56bfc062723c751e8b465ee728b)
Start importing Assets/Prefabs/Food_Pizza_01.prefab using Guid(af72a386eb2465c47bdfb37d1bbccac0) Importer(815301076,1909f56bfc062723c751e8b465ee728b)  -> (artifact id: 'f5be8e9b5e833635b29264713ec31042') in 0.012956 seconds 
========================================================================
Received Import Request.
  Time since last request: 1.471147 seconds.
  path: Assets/Prefabs/Animal_Stag_01.prefab
  artifactKey: Guid(6cb7b8b42f6b233419d32461545c169e) Importer(815301076,1909f56bfc062723c751e8b465ee728b)
Start importing Assets/Prefabs/Animal_Stag_01.prefab using Guid(6cb7b8b42f6b233419d32461545c169e) Importer(815301076,1909f56bfc062723c751e8b465ee728b)  -> (artifact id: '77fe96e541e991f7fed21b87e3c77f29') in 0.017498 seconds 
========================================================================
Received Prepare
Registering precompiled user dll's ...
Registered in 0.005180 seconds.
Begin MonoManager ReloadAssembly
Native extension for WindowsStandalone target not found
Refreshing native plugins compatible for Editor in 0.29 ms, found 2 plugins.
Preloading 0 native plugins for Editor in 0.00 ms.
Mono: successfully reloaded assembly
- Completed reload, in  0.753 seconds
Domain Reload Profiling:
	ReloadAssembly (753ms)
		BeginReloadAssembly (109ms)
			ExecutionOrderSort (0ms)
			DisableScriptedObjects (3ms)
			BackupInstance (0ms)
			ReleaseScriptingObjects (0ms)
			CreateAndSetChildDomain (24ms)
		EndReloadAssembly (598ms)
			LoadAssemblies (101ms)
			RebuildTransferFunctionScriptingTraits (0ms)
			SetupTypeCache (216ms)
			ReleaseScriptCaches (1ms)
			RebuildScriptCaches (29ms)
			SetupLoadedEditorAssemblies (211ms)
				LogAssemblyErrors (0ms)
				InitializePlatformSupportModulesInManaged (3ms)
				SetLoadedEditorAssemblies (0ms)
				RefreshPlugins (0ms)
				BeforeProcessingInitializeOnLoad (40ms)
				ProcessInitializeOnLoadAttributes (151ms)
				ProcessInitializeOnLoadMethodAttributes (11ms)
				AfterProcessingInitializeOnLoad (5ms)
				EditorAssembliesLoaded (0ms)
			ExecutionOrderSort2 (0ms)
			AwakeInstancesAfterBackupRestoration (2ms)
Platform modules already initialized, skipping
Refreshing native plugins compatible for Editor in 0.29 ms, found 2 plugins.
Preloading 0 native plugins for Editor in 0.00 ms.
Unloading 1525 Unused Serialized files (Serialized files now loaded: 0)
System memory in use before: 87.7 MB.
System memory in use after: 87.8 MB.

Unloading 12 unused Assets to reduce memory usage. Loaded Objects now: 1985.
Total: 1.884100 ms (FindLiveObjects: 0.101400 ms CreateObjectMapping: 0.044300 ms MarkObjects: 1.693300 ms  DeleteObjects: 0.044500 ms)

AssetImportParameters requested are different than current active one (requested -> active):
  custom:framework-win-MediaFoundation: 216162199b28c13a410421893ffa2e32 -> 
  custom:video-decoder-ogg-theora: a1e56fd34408186e4bbccfd4996cb3dc -> 
  custom:container-muxer-webm: aa71ff27fc2769a1b78a27578f13a17b -> 
  custom:container-demuxer-webm: 4f35f7cbe854078d1ac9338744f61a02 -> 
  custom:container-demuxer-ogg: 62fdf1f143b41e24485cea50d1cbac27 -> 
  custom:video-encoder-webm-vp8: eb34c28f22e8b96e1ab97ce403110664 -> 
  custom:video-codec-MediaFoundation-h265: 746d11721c4dcdbdad8f713fa42b33f4 -> 
  custom:video-decoder-webm-vp8: 9c59270c3fd7afecdb556c50c9e8de78 -> 
  custom:audio-decoder-ogg-vorbis: bf7c407c2cedff20999df2af8eb42d56 -> 
  custom:audio-encoder-webm-vorbis: bf7c407c2cedff20999df2af8eb42d56 -> 
AssetImportWorkerClient::OnTransportError - code=2 error=End of file
